[2017-11-21 10:16:35] request.INFO: Matched route "homepage". {"route":"homepage","route_parameters":{"_controller":"AppBundle\\Controller\\DefaultController::indexAction","_route":"homepage"},"request_uri":"http://localhost/udev_symfony/web/app.php/","method":"GET"} []
[2017-11-21 10:16:35] security.INFO: Populated the TokenStorage with an anonymous Token. [] []
[2017-11-21 10:16:35] app.NOTICE: Ceci est un message de log {"tableau":[1,2,3,4,5,6,7,8,9]} []
[2017-11-21 10:16:35] app.CRITICAL: Ceci est un message de critical de log {"tableau":[1,2,3,4,5,6,7,8,9]} []
[2017-11-21 11:22:41] request.INFO: Matched route "homepage". {"route":"homepage","route_parameters":{"_controller":"AppBundle\\Controller\\DefaultController::indexAction","_route":"homepage"},"request_uri":"http://localhost/udev_symfony/web/app.php/","method":"GET"} []
[2017-11-21 11:22:41] security.INFO: Populated the TokenStorage with an anonymous Token. [] []
[2017-11-21 11:22:41] app.NOTICE: Ceci est un message de log {"tableau":[1,2,3,4,5,6,7,8,9]} []
[2017-11-21 11:22:41] app.CRITICAL: Ceci est un message de critical de log {"tableau":[1,2,3,4,5,6,7,8,9]} []
[2017-11-21 11:23:03] request.INFO: Matched route "homepage". {"route":"homepage","route_parameters":{"_controller":"AppBundle\\Controller\\DefaultController::indexAction","_route":"homepage"},"request_uri":"http://localhost/udev_symfony/web/app.php/","method":"GET"} []
[2017-11-21 11:23:03] security.INFO: Populated the TokenStorage with an anonymous Token. [] []
[2017-11-21 11:23:03] app.NOTICE: Ceci est un message de log {"tableau":[1,2,3,4,5,6,7,8,9]} []
[2017-11-21 11:23:03] app.CRITICAL: Ceci est un message de critical de log {"tableau":[1,2,3,4,5,6,7,8,9]} []
[2017-11-21 11:33:20] request.INFO: Matched route "homepage". {"route":"homepage","route_parameters":{"_controller":"AppBundle\\Controller\\DefaultController::indexAction","_route":"homepage"},"request_uri":"http://localhost/udev_symfony/web/app.php/","method":"GET"} []
[2017-11-21 11:33:20] security.INFO: Populated the TokenStorage with an anonymous Token. [] []
[2017-11-21 11:33:20] app.NOTICE: Ceci est un message de log {"tableau":[1,2,3,4,5,6,7,8,9]} []
[2017-11-21 11:33:20] app.CRITICAL: Ceci est un message de critical de log {"tableau":[1,2,3,4,5,6,7,8,9]} []
[2017-11-21 11:33:22] request.INFO: Matched route "homepage". {"route":"homepage","route_parameters":{"_controller":"AppBundle\\Controller\\DefaultController::indexAction","_route":"homepage"},"request_uri":"http://localhost/udev_symfony/web/app.php/","method":"GET"} []
[2017-11-21 11:33:22] security.INFO: Populated the TokenStorage with an anonymous Token. [] []
[2017-11-21 11:33:22] app.NOTICE: Ceci est un message de log {"tableau":[1,2,3,4,5,6,7,8,9]} []
[2017-11-21 11:33:22] app.CRITICAL: Ceci est un message de critical de log {"tableau":[1,2,3,4,5,6,7,8,9]} []
[2017-11-21 11:33:26] request.INFO: Matched route "homepage". {"route":"homepage","route_parameters":{"_controller":"AppBundle\\Controller\\DefaultController::indexAction","_route":"homepage"},"request_uri":"http://localhost/udev_symfony/web/app.php/","method":"GET"} []
[2017-11-21 11:33:26] security.INFO: Populated the TokenStorage with an anonymous Token. [] []
[2017-11-21 11:33:26] app.NOTICE: Ceci est un message de log {"tableau":[1,2,3,4,5,6,7,8,9]} []
[2017-11-21 11:33:26] app.CRITICAL: Ceci est un message de critical de log {"tableau":[1,2,3,4,5,6,7,8,9]} []
[2017-11-21 11:38:38] request.INFO: Matched route "homepage". {"route":"homepage","route_parameters":{"_controller":"AppBundle\\Controller\\DefaultController::indexAction","_route":"homepage"},"request_uri":"http://localhost/udev_symfony/web/app.php/","method":"GET"} []
[2017-11-21 11:38:38] security.INFO: Populated the TokenStorage with an anonymous Token. [] []
[2017-11-21 11:38:38] app.NOTICE: Ceci est un message de log {"tableau":[1,2,3,4,5,6,7,8,9]} []
[2017-11-21 11:38:38] app.CRITICAL: Ceci est un message de critical de log {"tableau":[1,2,3,4,5,6,7,8,9]} []
[2017-11-21 11:38:41] request.INFO: Matched route "homepage". {"route":"homepage","route_parameters":{"_controller":"AppBundle\\Controller\\DefaultController::indexAction","_route":"homepage"},"request_uri":"http://localhost/udev_symfony/web/app.php/","method":"GET"} []
[2017-11-21 11:38:41] security.INFO: Populated the TokenStorage with an anonymous Token. [] []
[2017-11-21 11:38:41] app.NOTICE: Ceci est un message de log {"tableau":[1,2,3,4,5,6,7,8,9]} []
[2017-11-21 11:38:41] app.CRITICAL: Ceci est un message de critical de log {"tableau":[1,2,3,4,5,6,7,8,9]} []
[2017-11-21 11:43:33] request.INFO: Matched route "homepage". {"route":"homepage","route_parameters":{"_controller":"AppBundle\\Controller\\DefaultController::indexAction","_route":"homepage"},"request_uri":"http://localhost/udev_symfony/web/app.php/","method":"GET"} []
[2017-11-21 11:43:33] security.INFO: Populated the TokenStorage with an anonymous Token. [] []
[2017-11-21 11:43:33] app.NOTICE: Ceci est un message de log {"tableau":[1,2,3,4,5,6,7,8,9]} []
[2017-11-21 11:43:33] app.CRITICAL: Ceci est un message de critical de log {"tableau":[1,2,3,4,5,6,7,8,9]} []
[2017-11-21 11:53:20] request.INFO: Matched route "homepage". {"route":"homepage","route_parameters":{"_controller":"AppBundle\\Controller\\DefaultController::indexAction","_route":"homepage"},"request_uri":"http://localhost/udev_symfony/web/app.php/","method":"GET"} []
[2017-11-21 11:53:20] security.INFO: Populated the TokenStorage with an anonymous Token. [] []
[2017-11-21 11:53:20] app.NOTICE: Ceci est un message de log {"tableau":[1,2,3,4,5,6,7,8,9]} []
[2017-11-21 11:53:20] app.CRITICAL: Ceci est un message de critical de log {"tableau":[1,2,3,4,5,6,7,8,9]} []
[2017-11-21 12:01:43] request.INFO: Matched route "homepage". {"route":"homepage","route_parameters":{"_controller":"AppBundle\\Controller\\DefaultController::indexAction","_route":"homepage"},"request_uri":"http://localhost/udev_symfony/web/app.php/","method":"GET"} []
[2017-11-21 12:01:43] security.INFO: Populated the TokenStorage with an anonymous Token. [] []
[2017-11-21 12:01:43] app.NOTICE: Ceci est un message de log {"tableau":[1,2,3,4,5,6,7,8,9]} []
[2017-11-21 12:01:43] app.CRITICAL: Ceci est un message de critical de log {"tableau":[1,2,3,4,5,6,7,8,9]} []
[2017-11-21 12:03:15] request.INFO: Matched route "homepage". {"route":"homepage","route_parameters":{"_controller":"AppBundle\\Controller\\DefaultController::indexAction","_route":"homepage"},"request_uri":"http://localhost/udev_symfony/web/app.php/","method":"GET"} []
[2017-11-21 12:03:15] security.INFO: Populated the TokenStorage with an anonymous Token. [] []
[2017-11-21 12:03:15] app.NOTICE: Ceci est un message de log {"tableau":[1,2,3,4,5,6,7,8,9]} []
[2017-11-21 12:03:15] app.CRITICAL: Ceci est un message de critical de log {"tableau":[1,2,3,4,5,6,7,8,9]} []
[2017-11-21 12:14:23] request.INFO: Matched route "homepage". {"route":"homepage","route_parameters":{"_controller":"AppBundle\\Controller\\DefaultController::indexAction","_route":"homepage"},"request_uri":"http://localhost/udev_symfony/web/app.php/","method":"GET"} []
[2017-11-21 12:14:23] security.INFO: Populated the TokenStorage with an anonymous Token. [] []
[2017-11-21 12:14:23] app.NOTICE: Ceci est un message de log {"tableau":[1,2,3,4,5,6,7,8,9]} []
[2017-11-21 12:14:23] app.CRITICAL: Ceci est un message de critical de log {"tableau":[1,2,3,4,5,6,7,8,9]} []
[2017-11-21 14:00:13] request.INFO: Matched route "homepage". {"route":"homepage","route_parameters":{"_controller":"AppBundle\\Controller\\DefaultController::indexAction","_route":"homepage"},"request_uri":"http://localhost/udev_symfony/web/app.php/","method":"GET"} []
[2017-11-21 14:00:13] security.INFO: Populated the TokenStorage with an anonymous Token. [] []
[2017-11-21 14:00:13] app.NOTICE: Ceci est un message de log {"tableau":[1,2,3,4,5,6,7,8,9]} []
[2017-11-21 14:00:13] app.CRITICAL: Ceci est un message de critical de log {"tableau":[1,2,3,4,5,6,7,8,9]} []
[2017-11-21 15:01:46] request.INFO: Matched route "homepage". {"route":"homepage","route_parameters":{"_controller":"AppBundle\\Controller\\DefaultController::indexAction","_route":"homepage"},"request_uri":"http://localhost/udev_symfony/web/app.php/","method":"GET"} []
[2017-11-21 15:01:46] security.INFO: Populated the TokenStorage with an anonymous Token. [] []
[2017-11-21 15:01:46] app.NOTICE: Ceci est un message de log {"tableau":[1,2,3,4,5,6,7,8,9]} []
[2017-11-21 15:01:46] app.CRITICAL: Ceci est un message de critical de log {"tableau":[1,2,3,4,5,6,7,8,9]} []
[2017-11-21 16:26:33] request.ERROR: Uncaught PHP Exception Symfony\Component\HttpKernel\Exception\NotFoundHttpException: "No route found for "GET /users"" at /var/www/html/udev_symfony/vendor/symfony/symfony/src/Symfony/Component/HttpKernel/EventListener/RouterListener.php line 123 {"exception":"[object] (Symfony\\Component\\HttpKernel\\Exception\\NotFoundHttpException(code: 0): No route found for \"GET /users\" at /var/www/html/udev_symfony/vendor/symfony/symfony/src/Symfony/Component/HttpKernel/EventListener/RouterListener.php:123, Symfony\\Component\\Routing\\Exception\\ResourceNotFoundException(code: 0):  at /var/www/html/udev_symfony/var/cache/prod/appProdProjectContainerUrlMatcher.php:42)"} []
[2017-11-21 16:28:13] request.INFO: Matched route "homepage". {"route":"homepage","route_parameters":{"_controller":"AppBundle\\Controller\\DefaultController::indexAction","_route":"homepage"},"request_uri":"http://localhost/udev_symfony/web/app.php/","method":"GET"} []
[2017-11-21 16:28:13] security.INFO: Populated the TokenStorage with an anonymous Token. [] []
[2017-11-21 16:28:13] app.NOTICE: Ceci est un message de log {"tableau":[1,2,3,4,5,6,7,8,9]} []
[2017-11-21 16:28:13] app.CRITICAL: Ceci est un message de critical de log {"tableau":[1,2,3,4,5,6,7,8,9]} []
[2017-11-21 16:28:13] request.CRITICAL: Uncaught PHP Exception Doctrine\ORM\ORMException: "Unknown Entity namespace alias 'AppBundle'." at /var/www/html/udev_symfony/vendor/doctrine/orm/lib/Doctrine/ORM/ORMException.php line 271 {"exception":"[object] (Doctrine\\ORM\\ORMException(code: 0): Unknown Entity namespace alias 'AppBundle'. at /var/www/html/udev_symfony/vendor/doctrine/orm/lib/Doctrine/ORM/ORMException.php:271)"} []
[2017-11-21 16:31:17] request.INFO: Matched route "homepage". {"route":"homepage","route_parameters":{"_controller":"AppBundle\\Controller\\DefaultController::indexAction","_route":"homepage"},"request_uri":"http://localhost/udev_symfony/web/app.php/","method":"GET"} []
[2017-11-21 16:31:17] security.INFO: Populated the TokenStorage with an anonymous Token. [] []
[2017-11-21 16:31:17] app.NOTICE: Ceci est un message de log {"tableau":[1,2,3,4,5,6,7,8,9]} []
[2017-11-21 16:31:17] app.CRITICAL: Ceci est un message de critical de log {"tableau":[1,2,3,4,5,6,7,8,9]} []
[2017-11-21 16:31:17] request.CRITICAL: Uncaught PHP Exception Doctrine\ORM\ORMException: "Unknown Entity namespace alias 'AppBundle'." at /var/www/html/udev_symfony/vendor/doctrine/orm/lib/Doctrine/ORM/ORMException.php line 271 {"exception":"[object] (Doctrine\\ORM\\ORMException(code: 0): Unknown Entity namespace alias 'AppBundle'. at /var/www/html/udev_symfony/vendor/doctrine/orm/lib/Doctrine/ORM/ORMException.php:271)"} []
[2017-11-21 16:31:21] request.INFO: Matched route "homepage". {"route":"homepage","route_parameters":{"_controller":"AppBundle\\Controller\\DefaultController::indexAction","_route":"homepage"},"request_uri":"http://localhost/udev_symfony/web/app.php/","method":"GET"} []
[2017-11-21 16:31:21] security.INFO: Populated the TokenStorage with an anonymous Token. [] []
[2017-11-21 16:31:21] app.NOTICE: Ceci est un message de log {"tableau":[1,2,3,4,5,6,7,8,9]} []
[2017-11-21 16:31:21] app.CRITICAL: Ceci est un message de critical de log {"tableau":[1,2,3,4,5,6,7,8,9]} []
[2017-11-21 16:31:21] request.CRITICAL: Uncaught PHP Exception Doctrine\ORM\ORMException: "Unknown Entity namespace alias 'AppBundle'." at /var/www/html/udev_symfony/vendor/doctrine/orm/lib/Doctrine/ORM/ORMException.php line 271 {"exception":"[object] (Doctrine\\ORM\\ORMException(code: 0): Unknown Entity namespace alias 'AppBundle'. at /var/www/html/udev_symfony/vendor/doctrine/orm/lib/Doctrine/ORM/ORMException.php:271)"} []
[2017-11-21 16:31:36] request.INFO: Matched route "homepage". {"route":"homepage","route_parameters":{"_controller":"AppBundle\\Controller\\DefaultController::indexAction","_route":"homepage"},"request_uri":"http://localhost/udev_symfony/web/app.php/","method":"GET"} []
[2017-11-21 16:31:36] security.INFO: Populated the TokenStorage with an anonymous Token. [] []
[2017-11-21 16:31:36] app.NOTICE: Ceci est un message de log {"tableau":[1,2,3,4,5,6,7,8,9]} []
[2017-11-21 16:31:36] app.CRITICAL: Ceci est un message de critical de log {"tableau":[1,2,3,4,5,6,7,8,9]} []
[2017-11-21 16:31:36] request.CRITICAL: Uncaught PHP Exception Doctrine\ORM\ORMException: "Unknown Entity namespace alias 'AppBundle'." at /var/www/html/udev_symfony/vendor/doctrine/orm/lib/Doctrine/ORM/ORMException.php line 271 {"exception":"[object] (Doctrine\\ORM\\ORMException(code: 0): Unknown Entity namespace alias 'AppBundle'. at /var/www/html/udev_symfony/vendor/doctrine/orm/lib/Doctrine/ORM/ORMException.php:271)"} []
[2017-11-21 16:33:10] request.INFO: Matched route "homepage". {"route":"homepage","route_parameters":{"_controller":"AppBundle\\Controller\\DefaultController::indexAction","_route":"homepage"},"request_uri":"http://localhost/udev_symfony/web/app.php/","method":"GET"} []
[2017-11-21 16:33:10] security.INFO: Populated the TokenStorage with an anonymous Token. [] []
[2017-11-21 16:33:10] app.NOTICE: Ceci est un message de log {"tableau":[1,2,3,4,5,6,7,8,9]} []
[2017-11-21 16:33:10] app.CRITICAL: Ceci est un message de critical de log {"tableau":[1,2,3,4,5,6,7,8,9]} []
[2017-11-21 16:33:10] request.CRITICAL: Uncaught PHP Exception Doctrine\ORM\ORMException: "Unknown Entity namespace alias 'AppBundle'." at /var/www/html/udev_symfony/vendor/doctrine/orm/lib/Doctrine/ORM/ORMException.php line 271 {"exception":"[object] (Doctrine\\ORM\\ORMException(code: 0): Unknown Entity namespace alias 'AppBundle'. at /var/www/html/udev_symfony/vendor/doctrine/orm/lib/Doctrine/ORM/ORMException.php:271)"} []
[2017-11-21 16:33:15] request.INFO: Matched route "homepage". {"route":"homepage","route_parameters":{"_controller":"AppBundle\\Controller\\DefaultController::indexAction","_route":"homepage"},"request_uri":"http://localhost/udev_symfony/web/app.php/","method":"GET"} []
[2017-11-21 16:33:15] security.INFO: Populated the TokenStorage with an anonymous Token. [] []
[2017-11-21 16:33:15] app.NOTICE: Ceci est un message de log {"tableau":[1,2,3,4,5,6,7,8,9]} []
[2017-11-21 16:33:15] app.CRITICAL: Ceci est un message de critical de log {"tableau":[1,2,3,4,5,6,7,8,9]} []
[2017-11-21 16:33:15] request.CRITICAL: Uncaught PHP Exception Doctrine\ORM\ORMException: "Unknown Entity namespace alias 'AppBundle'." at /var/www/html/udev_symfony/vendor/doctrine/orm/lib/Doctrine/ORM/ORMException.php line 271 {"exception":"[object] (Doctrine\\ORM\\ORMException(code: 0): Unknown Entity namespace alias 'AppBundle'. at /var/www/html/udev_symfony/vendor/doctrine/orm/lib/Doctrine/ORM/ORMException.php:271)"} []
[2017-11-21 16:35:08] request.INFO: Matched route "homepage". {"route":"homepage","route_parameters":{"_controller":"AppBundle\\Controller\\DefaultController::indexAction","_route":"homepage"},"request_uri":"http://localhost/udev_symfony/web/app.php/","method":"GET"} []
[2017-11-21 16:35:08] security.INFO: Populated the TokenStorage with an anonymous Token. [] []
[2017-11-21 16:35:08] app.NOTICE: Ceci est un message de log {"tableau":[1,2,3,4,5,6,7,8,9]} []
[2017-11-21 16:35:08] app.CRITICAL: Ceci est un message de critical de log {"tableau":[1,2,3,4,5,6,7,8,9]} []
[2017-11-21 16:35:08] request.CRITICAL: Uncaught PHP Exception Doctrine\ORM\ORMException: "Unknown Entity namespace alias 'AppBundle'." at /var/www/html/udev_symfony/vendor/doctrine/orm/lib/Doctrine/ORM/ORMException.php line 271 {"exception":"[object] (Doctrine\\ORM\\ORMException(code: 0): Unknown Entity namespace alias 'AppBundle'. at /var/www/html/udev_symfony/vendor/doctrine/orm/lib/Doctrine/ORM/ORMException.php:271)"} []
[2017-11-21 16:36:59] request.INFO: Matched route "homepage". {"route":"homepage","route_parameters":{"_controller":"AppBundle\\Controller\\DefaultController::indexAction","_route":"homepage"},"request_uri":"http://localhost/udev_symfony/web/app.php/","method":"GET"} []
[2017-11-21 16:36:59] security.INFO: Populated the TokenStorage with an anonymous Token. [] []
[2017-11-21 16:36:59] app.NOTICE: Ceci est un message de log {"tableau":[1,2,3,4,5,6,7,8,9]} []
[2017-11-21 16:36:59] app.CRITICAL: Ceci est un message de critical de log {"tableau":[1,2,3,4,5,6,7,8,9]} []
[2017-11-21 16:36:59] request.CRITICAL: Uncaught PHP Exception Doctrine\ORM\ORMException: "Unknown Entity namespace alias 'AppBundle'." at /var/www/html/udev_symfony/vendor/doctrine/orm/lib/Doctrine/ORM/ORMException.php line 271 {"exception":"[object] (Doctrine\\ORM\\ORMException(code: 0): Unknown Entity namespace alias 'AppBundle'. at /var/www/html/udev_symfony/vendor/doctrine/orm/lib/Doctrine/ORM/ORMException.php:271)"} []
[2017-11-21 16:39:34] request.INFO: Matched route "homepage". {"route":"homepage","route_parameters":{"_controller":"AppBundle\\Controller\\DefaultController::indexAction","_route":"homepage"},"request_uri":"http://localhost/udev_symfony/web/app.php/","method":"GET"} []
[2017-11-21 16:39:34] security.INFO: Populated the TokenStorage with an anonymous Token. [] []
[2017-11-21 16:39:34] app.NOTICE: Ceci est un message de log {"tableau":[1,2,3,4,5,6,7,8,9]} []
[2017-11-21 16:39:34] app.CRITICAL: Ceci est un message de critical de log {"tableau":[1,2,3,4,5,6,7,8,9]} []
[2017-11-21 16:39:34] request.CRITICAL: Uncaught PHP Exception Doctrine\ORM\ORMException: "Unknown Entity namespace alias 'AppBundle'." at /var/www/html/udev_symfony/vendor/doctrine/orm/lib/Doctrine/ORM/ORMException.php line 271 {"exception":"[object] (Doctrine\\ORM\\ORMException(code: 0): Unknown Entity namespace alias 'AppBundle'. at /var/www/html/udev_symfony/vendor/doctrine/orm/lib/Doctrine/ORM/ORMException.php:271)"} []
[2017-11-21 16:39:36] request.INFO: Matched route "homepage". {"route":"homepage","route_parameters":{"_controller":"AppBundle\\Controller\\DefaultController::indexAction","_route":"homepage"},"request_uri":"http://localhost/udev_symfony/web/app.php/","method":"GET"} []
[2017-11-21 16:39:36] security.INFO: Populated the TokenStorage with an anonymous Token. [] []
[2017-11-21 16:39:36] app.NOTICE: Ceci est un message de log {"tableau":[1,2,3,4,5,6,7,8,9]} []
[2017-11-21 16:39:36] app.CRITICAL: Ceci est un message de critical de log {"tableau":[1,2,3,4,5,6,7,8,9]} []
[2017-11-21 16:39:36] request.CRITICAL: Uncaught PHP Exception Doctrine\ORM\ORMException: "Unknown Entity namespace alias 'AppBundle'." at /var/www/html/udev_symfony/vendor/doctrine/orm/lib/Doctrine/ORM/ORMException.php line 271 {"exception":"[object] (Doctrine\\ORM\\ORMException(code: 0): Unknown Entity namespace alias 'AppBundle'. at /var/www/html/udev_symfony/vendor/doctrine/orm/lib/Doctrine/ORM/ORMException.php:271)"} []
[2017-11-21 16:40:18] request.INFO: Matched route "homepage". {"route":"homepage","route_parameters":{"_controller":"AppBundle\\Controller\\DefaultController::indexAction","_route":"homepage"},"request_uri":"http://localhost/udev_symfony/web/app.php/","method":"GET"} []
[2017-11-21 16:40:18] security.INFO: Populated the TokenStorage with an anonymous Token. [] []
[2017-11-21 16:40:18] app.NOTICE: Ceci est un message de log {"tableau":[1,2,3,4,5,6,7,8,9]} []
[2017-11-21 16:40:18] app.CRITICAL: Ceci est un message de critical de log {"tableau":[1,2,3,4,5,6,7,8,9]} []
[2017-11-21 16:40:18] request.CRITICAL: Uncaught PHP Exception Doctrine\ORM\ORMException: "Unknown Entity namespace alias 'AppBundle'." at /var/www/html/udev_symfony/vendor/doctrine/orm/lib/Doctrine/ORM/ORMException.php line 271 {"exception":"[object] (Doctrine\\ORM\\ORMException(code: 0): Unknown Entity namespace alias 'AppBundle'. at /var/www/html/udev_symfony/vendor/doctrine/orm/lib/Doctrine/ORM/ORMException.php:271)"} []
[2017-11-21 16:50:45] request.INFO: Matched route "homepage". {"route":"homepage","route_parameters":{"_controller":"AppBundle\\Controller\\DefaultController::indexAction","_route":"homepage"},"request_uri":"http://localhost/udev_symfony/web/app.php/","method":"GET"} []
[2017-11-21 16:50:45] security.INFO: Populated the TokenStorage with an anonymous Token. [] []
[2017-11-21 16:50:45] app.NOTICE: Ceci est un message de log {"tableau":[1,2,3,4,5,6,7,8,9]} []
[2017-11-21 16:50:45] app.CRITICAL: Ceci est un message de critical de log {"tableau":[1,2,3,4,5,6,7,8,9]} []
[2017-11-21 16:50:45] request.CRITICAL: Uncaught PHP Exception Doctrine\ORM\ORMException: "Unknown Entity namespace alias 'AppBundle'." at /var/www/html/udev_symfony/vendor/doctrine/orm/lib/Doctrine/ORM/ORMException.php line 271 {"exception":"[object] (Doctrine\\ORM\\ORMException(code: 0): Unknown Entity namespace alias 'AppBundle'. at /var/www/html/udev_symfony/vendor/doctrine/orm/lib/Doctrine/ORM/ORMException.php:271)"} []
[2017-11-21 16:50:47] request.INFO: Matched route "homepage". {"route":"homepage","route_parameters":{"_controller":"AppBundle\\Controller\\DefaultController::indexAction","_route":"homepage"},"request_uri":"http://localhost/udev_symfony/web/app.php/","method":"GET"} []
[2017-11-21 16:50:47] security.INFO: Populated the TokenStorage with an anonymous Token. [] []
[2017-11-21 16:50:47] app.NOTICE: Ceci est un message de log {"tableau":[1,2,3,4,5,6,7,8,9]} []
[2017-11-21 16:50:47] app.CRITICAL: Ceci est un message de critical de log {"tableau":[1,2,3,4,5,6,7,8,9]} []
[2017-11-21 16:50:47] request.CRITICAL: Uncaught PHP Exception Doctrine\ORM\ORMException: "Unknown Entity namespace alias 'AppBundle'." at /var/www/html/udev_symfony/vendor/doctrine/orm/lib/Doctrine/ORM/ORMException.php line 271 {"exception":"[object] (Doctrine\\ORM\\ORMException(code: 0): Unknown Entity namespace alias 'AppBundle'. at /var/www/html/udev_symfony/vendor/doctrine/orm/lib/Doctrine/ORM/ORMException.php:271)"} []
[2017-11-21 16:51:42] request.INFO: Matched route "homepage". {"route":"homepage","route_parameters":{"_controller":"AppBundle\\Controller\\DefaultController::indexAction","_route":"homepage"},"request_uri":"http://localhost/udev_symfony/web/app.php/","method":"GET"} []
[2017-11-21 16:51:42] security.INFO: Populated the TokenStorage with an anonymous Token. [] []
[2017-11-21 16:51:42] app.NOTICE: Ceci est un message de log {"tableau":[1,2,3,4,5,6,7,8,9]} []
[2017-11-21 16:51:42] app.CRITICAL: Ceci est un message de critical de log {"tableau":[1,2,3,4,5,6,7,8,9]} []
[2017-11-21 16:51:42] request.CRITICAL: Uncaught PHP Exception Twig_Error_Syntax: "Unknown "dump" function." at /var/www/html/udev_symfony/app/Resources/views/default/index.html.twig line 65 {"exception":"[object] (Twig_Error_Syntax(code: 0): Unknown \"dump\" function. at /var/www/html/udev_symfony/app/Resources/views/default/index.html.twig:65)"} []
[2017-11-21 16:51:42] cache.WARNING: Failed to save key "%5BSymfony%5CBundle%5CTwigBundle%5CController%5CExceptionController%40%5BAnnot%5D%5D%5B1%5D" (array) {"key":"%5BSymfony%5CBundle%5CTwigBundle%5CController%5CExceptionController%40%5BAnnot%5D%5D%5B1%5D","type":"array","exception":"[object] (ErrorException(code: 0): file_put_contents(/var/www/html/udev_symfony/var/cache/prod/pools/57dJjyBGQy/5a144b8e8f12a0.00256537): failed to open stream: Permission denied at /var/www/html/udev_symfony/vendor/symfony/symfony/src/Symfony/Component/Cache/Traits/FilesystemCommonTrait.php:87)"} []
[2017-11-21 16:51:42] cache.WARNING: Failed to save key "%5BSymfony%5CBundle%5CTwigBundle%5CController%5CExceptionController%23showAction%40%5BAnnot%5D%5D%5B1%5D" (array) {"key":"%5BSymfony%5CBundle%5CTwigBundle%5CController%5CExceptionController%23showAction%40%5BAnnot%5D%5D%5B1%5D","type":"array","exception":"[object] (ErrorException(code: 0): file_put_contents(/var/www/html/udev_symfony/var/cache/prod/pools/57dJjyBGQy/5a144b8e8f12a0.00256537): failed to open stream: Permission denied at /var/www/html/udev_symfony/vendor/symfony/symfony/src/Symfony/Component/Cache/Traits/FilesystemCommonTrait.php:87)"} []
[2017-11-21 16:51:50] request.INFO: Matched route "homepage". {"route":"homepage","route_parameters":{"_controller":"AppBundle\\Controller\\DefaultController::indexAction","_route":"homepage"},"request_uri":"http://localhost/udev_symfony/web/app.php/","method":"GET"} []
[2017-11-21 16:51:50] security.INFO: Populated the TokenStorage with an anonymous Token. [] []
[2017-11-21 16:51:50] app.NOTICE: Ceci est un message de log {"tableau":[1,2,3,4,5,6,7,8,9]} []
[2017-11-21 16:51:50] app.CRITICAL: Ceci est un message de critical de log {"tableau":[1,2,3,4,5,6,7,8,9]} []
[2017-11-21 16:51:50] request.CRITICAL: Uncaught PHP Exception Twig_Error_Syntax: "Unknown "dump" function." at /var/www/html/udev_symfony/app/Resources/views/default/index.html.twig line 65 {"exception":"[object] (Twig_Error_Syntax(code: 0): Unknown \"dump\" function. at /var/www/html/udev_symfony/app/Resources/views/default/index.html.twig:65)"} []
[2017-11-21 16:51:50] cache.WARNING: Failed to save key "%5BSymfony%5CBundle%5CTwigBundle%5CController%5CExceptionController%40%5BAnnot%5D%5D%5B1%5D" (array) {"key":"%5BSymfony%5CBundle%5CTwigBundle%5CController%5CExceptionController%40%5BAnnot%5D%5D%5B1%5D","type":"array","exception":"[object] (ErrorException(code: 0): file_put_contents(/var/www/html/udev_symfony/var/cache/prod/pools/57dJjyBGQy/5a144b96bd0557.63533507): failed to open stream: Permission denied at /var/www/html/udev_symfony/vendor/symfony/symfony/src/Symfony/Component/Cache/Traits/FilesystemCommonTrait.php:87)"} []
[2017-11-21 16:51:50] cache.WARNING: Failed to save key "%5BSymfony%5CBundle%5CTwigBundle%5CController%5CExceptionController%23showAction%40%5BAnnot%5D%5D%5B1%5D" (array) {"key":"%5BSymfony%5CBundle%5CTwigBundle%5CController%5CExceptionController%23showAction%40%5BAnnot%5D%5D%5B1%5D","type":"array","exception":"[object] (ErrorException(code: 0): file_put_contents(/var/www/html/udev_symfony/var/cache/prod/pools/57dJjyBGQy/5a144b96bd0557.63533507): failed to open stream: Permission denied at /var/www/html/udev_symfony/vendor/symfony/symfony/src/Symfony/Component/Cache/Traits/FilesystemCommonTrait.php:87)"} []
[2017-11-21 16:52:01] request.INFO: Matched route "homepage". {"route":"homepage","route_parameters":{"_controller":"AppBundle\\Controller\\DefaultController::indexAction","_route":"homepage"},"request_uri":"http://localhost/udev_symfony/web/app.php/","method":"GET"} []
[2017-11-21 16:52:01] security.INFO: Populated the TokenStorage with an anonymous Token. [] []
[2017-11-21 16:52:01] app.NOTICE: Ceci est un message de log {"tableau":[1,2,3,4,5,6,7,8,9]} []
[2017-11-21 16:52:01] app.CRITICAL: Ceci est un message de critical de log {"tableau":[1,2,3,4,5,6,7,8,9]} []
[2017-11-21 16:52:01] request.CRITICAL: Uncaught PHP Exception Twig_Error_Syntax: "Unknown "dump" function." at /var/www/html/udev_symfony/app/Resources/views/default/index.html.twig line 65 {"exception":"[object] (Twig_Error_Syntax(code: 0): Unknown \"dump\" function. at /var/www/html/udev_symfony/app/Resources/views/default/index.html.twig:65)"} []
[2017-11-21 16:52:01] cache.WARNING: Failed to save key "%5BSymfony%5CBundle%5CTwigBundle%5CController%5CExceptionController%40%5BAnnot%5D%5D%5B1%5D" (array) {"key":"%5BSymfony%5CBundle%5CTwigBundle%5CController%5CExceptionController%40%5BAnnot%5D%5D%5B1%5D","type":"array","exception":"[object] (ErrorException(code: 0): file_put_contents(/var/www/html/udev_symfony/var/cache/prod/pools/57dJjyBGQy/5a144ba1526f84.67667345): failed to open stream: Permission denied at /var/www/html/udev_symfony/vendor/symfony/symfony/src/Symfony/Component/Cache/Traits/FilesystemCommonTrait.php:87)"} []
[2017-11-21 16:52:01] cache.WARNING: Failed to save key "%5BSymfony%5CBundle%5CTwigBundle%5CController%5CExceptionController%23showAction%40%5BAnnot%5D%5D%5B1%5D" (array) {"key":"%5BSymfony%5CBundle%5CTwigBundle%5CController%5CExceptionController%23showAction%40%5BAnnot%5D%5D%5B1%5D","type":"array","exception":"[object] (ErrorException(code: 0): file_put_contents(/var/www/html/udev_symfony/var/cache/prod/pools/57dJjyBGQy/5a144ba1526f84.67667345): failed to open stream: Permission denied at /var/www/html/udev_symfony/vendor/symfony/symfony/src/Symfony/Component/Cache/Traits/FilesystemCommonTrait.php:87)"} []
[2017-11-21 17:00:07] request.INFO: Matched route "homepage". {"route":"homepage","route_parameters":{"_controller":"AppBundle\\Controller\\DefaultController::indexAction","_route":"homepage"},"request_uri":"http://localhost/udev_symfony/web/app.php/","method":"GET"} []
[2017-11-21 17:00:07] security.INFO: Populated the TokenStorage with an anonymous Token. [] []
[2017-11-21 17:00:07] app.NOTICE: Ceci est un message de log {"tableau":[1,2,3,4,5,6,7,8,9]} []
[2017-11-21 17:00:07] app.CRITICAL: Ceci est un message de critical de log {"tableau":[1,2,3,4,5,6,7,8,9]} []
[2017-11-21 17:00:07] request.CRITICAL: Uncaught PHP Exception Twig_Error_Syntax: "Unknown "dump" function." at /var/www/html/udev_symfony/app/Resources/views/default/index.html.twig line 65 {"exception":"[object] (Twig_Error_Syntax(code: 0): Unknown \"dump\" function. at /var/www/html/udev_symfony/app/Resources/views/default/index.html.twig:65)"} []
[2017-11-21 17:00:07] cache.WARNING: Failed to save key "%5BSymfony%5CBundle%5CTwigBundle%5CController%5CExceptionController%40%5BAnnot%5D%5D%5B1%5D" (array) {"key":"%5BSymfony%5CBundle%5CTwigBundle%5CController%5CExceptionController%40%5BAnnot%5D%5D%5B1%5D","type":"array","exception":"[object] (ErrorException(code: 0): file_put_contents(/var/www/html/udev_symfony/var/cache/prod/pools/57dJjyBGQy/5a144d87b15dc9.98833384): failed to open stream: Permission denied at /var/www/html/udev_symfony/vendor/symfony/symfony/src/Symfony/Component/Cache/Traits/FilesystemCommonTrait.php:87)"} []
[2017-11-21 17:00:07] cache.WARNING: Failed to save key "%5BSymfony%5CBundle%5CTwigBundle%5CController%5CExceptionController%23showAction%40%5BAnnot%5D%5D%5B1%5D" (array) {"key":"%5BSymfony%5CBundle%5CTwigBundle%5CController%5CExceptionController%23showAction%40%5BAnnot%5D%5D%5B1%5D","type":"array","exception":"[object] (ErrorException(code: 0): file_put_contents(/var/www/html/udev_symfony/var/cache/prod/pools/57dJjyBGQy/5a144d87b15dc9.98833384): failed to open stream: Permission denied at /var/www/html/udev_symfony/vendor/symfony/symfony/src/Symfony/Component/Cache/Traits/FilesystemCommonTrait.php:87)"} []
[2017-11-21 17:01:46] request.INFO: Matched route "homepage". {"route":"homepage","route_parameters":{"_controller":"AppBundle\\Controller\\DefaultController::indexAction","_route":"homepage"},"request_uri":"http://localhost/udev_symfony/web/app.php/","method":"GET"} []
[2017-11-21 17:01:46] security.INFO: Populated the TokenStorage with an anonymous Token. [] []
[2017-11-21 17:01:46] app.NOTICE: Ceci est un message de log {"tableau":[1,2,3,4,5,6,7,8,9]} []
[2017-11-21 17:01:46] app.CRITICAL: Ceci est un message de critical de log {"tableau":[1,2,3,4,5,6,7,8,9]} []
[2017-11-21 17:01:46] request.CRITICAL: Uncaught PHP Exception RuntimeException: "Unable to write in the cache directory (/var/www/html/udev_symfony/var/cache/prod/twig/a4)." at /var/www/html/udev_symfony/vendor/twig/twig/lib/Twig/Cache/Filesystem.php line 61 {"exception":"[object] (RuntimeException(code: 0): Unable to write in the cache directory (/var/www/html/udev_symfony/var/cache/prod/twig/a4). at /var/www/html/udev_symfony/vendor/twig/twig/lib/Twig/Cache/Filesystem.php:61)"} []
[2017-11-21 17:01:46] cache.WARNING: Failed to save key "%5BSymfony%5CBundle%5CTwigBundle%5CController%5CExceptionController%40%5BAnnot%5D%5D%5B1%5D" (array) {"key":"%5BSymfony%5CBundle%5CTwigBundle%5CController%5CExceptionController%40%5BAnnot%5D%5D%5B1%5D","type":"array","exception":"[object] (ErrorException(code: 0): file_put_contents(/var/www/html/udev_symfony/var/cache/prod/pools/57dJjyBGQy/5a144deaf16373.17112765): failed to open stream: Permission denied at /var/www/html/udev_symfony/vendor/symfony/symfony/src/Symfony/Component/Cache/Traits/FilesystemCommonTrait.php:87)"} []
[2017-11-21 17:01:46] cache.WARNING: Failed to save key "%5BSymfony%5CBundle%5CTwigBundle%5CController%5CExceptionController%23showAction%40%5BAnnot%5D%5D%5B1%5D" (array) {"key":"%5BSymfony%5CBundle%5CTwigBundle%5CController%5CExceptionController%23showAction%40%5BAnnot%5D%5D%5B1%5D","type":"array","exception":"[object] (ErrorException(code: 0): file_put_contents(/var/www/html/udev_symfony/var/cache/prod/pools/57dJjyBGQy/5a144deaf16373.17112765): failed to open stream: Permission denied at /var/www/html/udev_symfony/vendor/symfony/symfony/src/Symfony/Component/Cache/Traits/FilesystemCommonTrait.php:87)"} []
[2017-11-21 17:02:14] request.INFO: Matched route "homepage". {"route":"homepage","route_parameters":{"_controller":"AppBundle\\Controller\\DefaultController::indexAction","_route":"homepage"},"request_uri":"http://localhost/udev_symfony/web/app.php/","method":"GET"} []
[2017-11-21 17:02:14] security.INFO: Populated the TokenStorage with an anonymous Token. [] []
[2017-11-21 17:02:14] app.NOTICE: Ceci est un message de log {"tableau":[1,2,3,4,5,6,7,8,9]} []
[2017-11-21 17:02:14] app.CRITICAL: Ceci est un message de critical de log {"tableau":[1,2,3,4,5,6,7,8,9]} []
[2017-11-21 17:49:05] request.INFO: Matched route "homepage". {"route":"homepage","route_parameters":{"_controller":"AppBundle\\Controller\\DefaultController::indexAction","_route":"homepage"},"request_uri":"http://localhost/udev_symfony/web/app.php/","method":"GET"} []
[2017-11-21 17:49:05] security.INFO: Populated the TokenStorage with an anonymous Token. [] []
[2017-11-21 17:49:05] app.NOTICE: Ceci est un message de log {"tableau":[1,2,3,4,5,6,7,8,9]} []
[2017-11-21 17:49:05] app.CRITICAL: Ceci est un message de critical de log {"tableau":[1,2,3,4,5,6,7,8,9]} []
[2017-11-21 17:49:24] request.INFO: Matched route "userslist". {"route":"userslist","route_parameters":{"_controller":"AppBundle\\Controller\\DefaultController::userAction","_route":"userslist"},"request_uri":"http://localhost/udev_symfony/web/app.php/users","method":"GET"} []
[2017-11-21 17:49:24] security.INFO: Populated the TokenStorage with an anonymous Token. [] []
[2017-11-21 17:49:24] app.NOTICE: Ceci est un message de log {"tableau":[1,2,3,4,5,6,7,8,9]} []
[2017-11-21 17:49:24] app.CRITICAL: Ceci est un message de critical de log {"tableau":[1,2,3,4,5,6,7,8,9]} []
[2017-11-21 17:56:44] request.INFO: Matched route "homepage". {"route":"homepage","route_parameters":{"_controller":"AppBundle\\Controller\\DefaultController::indexAction","_route":"homepage"},"request_uri":"http://localhost/udev_symfony/web/app.php/","method":"GET"} []
[2017-11-21 17:56:44] security.INFO: Populated the TokenStorage with an anonymous Token. [] []
[2017-11-21 17:56:44] app.NOTICE: Ceci est un message de log {"tableau":[1,2,3,4,5,6,7,8,9]} []
[2017-11-21 17:56:44] app.CRITICAL: Ceci est un message de critical de log {"tableau":[1,2,3,4,5,6,7,8,9]} []
[2017-11-21 17:57:00] request.INFO: Matched route "homepage". {"route":"homepage","route_parameters":{"_controller":"AppBundle\\Controller\\DefaultController::indexAction","_route":"homepage"},"request_uri":"http://localhost/udev_symfony/web/app.php/","method":"GET"} []
[2017-11-21 17:57:00] security.INFO: Populated the TokenStorage with an anonymous Token. [] []
[2017-11-21 17:57:00] app.NOTICE: Ceci est un message de log {"tableau":[1,2,3,4,5,6,7,8,9]} []
[2017-11-21 17:57:00] app.CRITICAL: Ceci est un message de critical de log {"tableau":[1,2,3,4,5,6,7,8,9]} []
[2017-11-21 17:57:19] request.INFO: Matched route "homepage". {"route":"homepage","route_parameters":{"_controller":"AppBundle\\Controller\\DefaultController::indexAction","_route":"homepage"},"request_uri":"http://localhost/udev_symfony/web/app.php/","method":"GET"} []
[2017-11-21 17:57:19] security.INFO: Populated the TokenStorage with an anonymous Token. [] []
[2017-11-21 17:57:19] app.NOTICE: Ceci est un message de log {"tableau":[1,2,3,4,5,6,7,8,9]} []
[2017-11-21 17:57:19] app.CRITICAL: Ceci est un message de critical de log {"tableau":[1,2,3,4,5,6,7,8,9]} []
[2017-11-21 17:57:23] request.INFO: Matched route "homepage". {"route":"homepage","route_parameters":{"_controller":"AppBundle\\Controller\\DefaultController::indexAction","_route":"homepage"},"request_uri":"http://localhost/udev_symfony/web/app.php/","method":"GET"} []
[2017-11-21 17:57:23] security.INFO: Populated the TokenStorage with an anonymous Token. [] []
[2017-11-21 17:57:23] app.NOTICE: Ceci est un message de log {"tableau":[1,2,3,4,5,6,7,8,9]} []
[2017-11-21 17:57:23] app.CRITICAL: Ceci est un message de critical de log {"tableau":[1,2,3,4,5,6,7,8,9]} []
[2017-11-21 17:57:51] request.INFO: Matched route "homepage". {"route":"homepage","route_parameters":{"_controller":"AppBundle\\Controller\\DefaultController::indexAction","_route":"homepage"},"request_uri":"http://localhost/udev_symfony/web/app.php/","method":"GET"} []
[2017-11-21 17:57:51] security.INFO: Populated the TokenStorage with an anonymous Token. [] []
[2017-11-21 17:57:51] app.NOTICE: Ceci est un message de log {"tableau":[1,2,3,4,5,6,7,8,9]} []
[2017-11-21 17:57:51] app.CRITICAL: Ceci est un message de critical de log {"tableau":[1,2,3,4,5,6,7,8,9]} []
[2017-11-21 17:58:14] request.INFO: Matched route "homepage". {"route":"homepage","route_parameters":{"_controller":"AppBundle\\Controller\\DefaultController::indexAction","_route":"homepage"},"request_uri":"http://localhost/udev_symfony/web/app.php/","method":"GET"} []
[2017-11-21 17:58:14] security.INFO: Populated the TokenStorage with an anonymous Token. [] []
[2017-11-21 17:58:14] app.NOTICE: Ceci est un message de log {"tableau":[1,2,3,4,5,6,7,8,9]} []
[2017-11-21 17:58:14] app.CRITICAL: Ceci est un message de critical de log {"tableau":[1,2,3,4,5,6,7,8,9]} []
[2017-11-21 17:58:27] request.INFO: Matched route "homepage". {"route":"homepage","route_parameters":{"_controller":"AppBundle\\Controller\\DefaultController::indexAction","_route":"homepage"},"request_uri":"http://localhost/udev_symfony/web/app.php/","method":"GET"} []
[2017-11-21 17:58:27] security.INFO: Populated the TokenStorage with an anonymous Token. [] []
[2017-11-21 17:58:27] app.NOTICE: Ceci est un message de log {"tableau":[1,2,3,4,5,6,7,8,9]} []
[2017-11-21 17:58:27] app.CRITICAL: Ceci est un message de critical de log {"tableau":[1,2,3,4,5,6,7,8,9]} []
[2017-11-21 17:58:39] request.INFO: Matched route "homepage". {"route":"homepage","route_parameters":{"_controller":"AppBundle\\Controller\\DefaultController::indexAction","_route":"homepage"},"request_uri":"http://localhost/udev_symfony/web/app.php/","method":"GET"} []
[2017-11-21 17:58:39] security.INFO: Populated the TokenStorage with an anonymous Token. [] []
[2017-11-21 17:58:39] app.NOTICE: Ceci est un message de log {"tableau":[1,2,3,4,5,6,7,8,9]} []
[2017-11-21 17:58:39] app.CRITICAL: Ceci est un message de critical de log {"tableau":[1,2,3,4,5,6,7,8,9]} []
[2017-11-21 17:58:51] request.INFO: Matched route "homepage". {"route":"homepage","route_parameters":{"_controller":"AppBundle\\Controller\\DefaultController::indexAction","_route":"homepage"},"request_uri":"http://localhost/udev_symfony/web/app.php/","method":"GET"} []
[2017-11-21 17:58:51] security.INFO: Populated the TokenStorage with an anonymous Token. [] []
[2017-11-21 17:58:51] app.NOTICE: Ceci est un message de log {"tableau":[1,2,3,4,5,6,7,8,9]} []
[2017-11-21 17:58:51] app.CRITICAL: Ceci est un message de critical de log {"tableau":[1,2,3,4,5,6,7,8,9]} []
[2017-11-21 19:20:49] request.INFO: Matched route "homepage". {"route":"homepage","route_parameters":{"_controller":"AppBundle\\Controller\\DefaultController::indexAction","_route":"homepage"},"request_uri":"http://localhost/udev_symfony/web/app.php/","method":"GET"} []
[2017-11-21 19:20:49] security.INFO: Populated the TokenStorage with an anonymous Token. [] []
[2017-11-21 19:20:49] app.NOTICE: Ceci est un message de log {"tableau":[1,2,3,4,5,6,7,8,9]} []
[2017-11-21 19:20:49] app.CRITICAL: Ceci est un message de critical de log {"tableau":[1,2,3,4,5,6,7,8,9]} []
[2017-11-21 19:28:51] request.INFO: Matched route "homepage". {"route":"homepage","route_parameters":{"_controller":"AppBundle\\Controller\\DefaultController::indexAction","_route":"homepage"},"request_uri":"http://localhost/udev_symfony/web/app.php/","method":"GET"} []
[2017-11-21 19:28:51] security.INFO: Populated the TokenStorage with an anonymous Token. [] []
[2017-11-21 19:28:51] app.NOTICE: Ceci est un message de log {"tableau":[1,2,3,4,5,6,7,8,9]} []
[2017-11-21 19:28:51] app.CRITICAL: Ceci est un message de critical de log {"tableau":[1,2,3,4,5,6,7,8,9]} []
[2017-11-21 19:28:57] request.INFO: Matched route "homepage". {"route":"homepage","route_parameters":{"_controller":"AppBundle\\Controller\\DefaultController::indexAction","_route":"homepage"},"request_uri":"http://localhost/udev_symfony/web/app.php/","method":"GET"} []
[2017-11-21 19:28:57] security.INFO: Populated the TokenStorage with an anonymous Token. [] []
[2017-11-21 19:28:57] app.NOTICE: Ceci est un message de log {"tableau":[1,2,3,4,5,6,7,8,9]} []
[2017-11-21 19:28:57] app.CRITICAL: Ceci est un message de critical de log {"tableau":[1,2,3,4,5,6,7,8,9]} []
[2017-11-21 21:03:18] request.INFO: Matched route "homepage". {"route":"homepage","route_parameters":{"_controller":"AppBundle\\Controller\\DefaultController::indexAction","_route":"homepage"},"request_uri":"http://localhost/udev_symfony/web/app.php/","method":"GET"} []
[2017-11-21 21:03:18] security.INFO: Populated the TokenStorage with an anonymous Token. [] []
[2017-11-21 21:03:18] app.NOTICE: Ceci est un message de log {"tableau":[1,2,3,4,5,6,7,8,9]} []
[2017-11-21 21:03:18] app.CRITICAL: Ceci est un message de critical de log {"tableau":[1,2,3,4,5,6,7,8,9]} []
[2017-11-21 21:03:21] request.INFO: Matched route "homepage". {"route":"homepage","route_parameters":{"_controller":"AppBundle\\Controller\\DefaultController::indexAction","_route":"homepage"},"request_uri":"http://localhost/udev_symfony/web/app.php/","method":"GET"} []
[2017-11-21 21:03:21] security.INFO: Populated the TokenStorage with an anonymous Token. [] []
[2017-11-21 21:03:21] app.NOTICE: Ceci est un message de log {"tableau":[1,2,3,4,5,6,7,8,9]} []
[2017-11-21 21:03:21] app.CRITICAL: Ceci est un message de critical de log {"tableau":[1,2,3,4,5,6,7,8,9]} []
[2017-11-21 21:04:32] request.INFO: Matched route "homepage". {"route":"homepage","route_parameters":{"_controller":"AppBundle\\Controller\\DefaultController::indexAction","_route":"homepage"},"request_uri":"http://localhost/udev_symfony/web/app.php/","method":"GET"} []
[2017-11-21 21:04:32] security.INFO: Populated the TokenStorage with an anonymous Token. [] []
[2017-11-21 21:04:32] app.NOTICE: Ceci est un message de log {"tableau":[1,2,3,4,5,6,7,8,9]} []
[2017-11-21 21:04:32] app.CRITICAL: Ceci est un message de critical de log {"tableau":[1,2,3,4,5,6,7,8,9]} []
[2017-11-21 21:04:52] request.INFO: Matched route "homepage". {"route":"homepage","route_parameters":{"_controller":"AppBundle\\Controller\\DefaultController::indexAction","_route":"homepage"},"request_uri":"http://localhost/udev_symfony/web/app.php/","method":"GET"} []
[2017-11-21 21:04:52] security.INFO: Populated the TokenStorage with an anonymous Token. [] []
[2017-11-21 21:04:52] app.NOTICE: Ceci est un message de log {"tableau":[1,2,3,4,5,6,7,8,9]} []
[2017-11-21 21:04:52] app.CRITICAL: Ceci est un message de critical de log {"tableau":[1,2,3,4,5,6,7,8,9]} []
[2017-11-27 09:46:59] request.INFO: Matched route "homepage". {"route":"homepage","route_parameters":{"_controller":"AppBundle\\Controller\\DefaultController::indexAction","_route":"homepage"},"request_uri":"http://localhost/udev_symfony/web/app.php/","method":"GET"} []
[2017-11-27 09:46:59] security.INFO: Populated the TokenStorage with an anonymous Token. [] []
[2017-11-27 09:46:59] app.NOTICE: Ceci est un message de log {"tableau":[1,2,3,4,5,6,7,8,9]} []
[2017-11-27 09:46:59] app.CRITICAL: Ceci est un message de critical de log {"tableau":[1,2,3,4,5,6,7,8,9]} []
[2017-11-27 10:00:57] request.ERROR: Uncaught PHP Exception Symfony\Component\HttpKernel\Exception\NotFoundHttpException: "No route found for "GET /articles"" at /var/www/html/udev_symfony/vendor/symfony/symfony/src/Symfony/Component/HttpKernel/EventListener/RouterListener.php line 123 {"exception":"[object] (Symfony\\Component\\HttpKernel\\Exception\\NotFoundHttpException(code: 0): No route found for \"GET /articles\" at /var/www/html/udev_symfony/vendor/symfony/symfony/src/Symfony/Component/HttpKernel/EventListener/RouterListener.php:123, Symfony\\Component\\Routing\\Exception\\ResourceNotFoundException(code: 0):  at /var/www/html/udev_symfony/var/cache/prod/appProdProjectContainerUrlMatcher.php:52)"} []
[2017-11-27 10:01:03] request.INFO: Matched route "homepage". {"route":"homepage","route_parameters":{"_controller":"AppBundle\\Controller\\DefaultController::indexAction","_route":"homepage"},"request_uri":"http://localhost/udev_symfony/web/app.php/","method":"GET"} []
[2017-11-27 10:01:03] security.INFO: Populated the TokenStorage with an anonymous Token. [] []
[2017-11-27 10:01:03] app.NOTICE: Ceci est un message de log {"tableau":[1,2,3,4,5,6,7,8,9]} []
[2017-11-27 10:01:03] app.CRITICAL: Ceci est un message de critical de log {"tableau":[1,2,3,4,5,6,7,8,9]} []
[2017-11-28 08:53:43] request.INFO: Matched route "userslist". {"route":"userslist","route_parameters":{"_controller":"AppBundle\\Controller\\DefaultController::userAction","_route":"userslist"},"request_uri":"http://localhost/udev_symfony/web/app.php/users","method":"GET"} []
[2017-11-28 08:53:43] security.INFO: Populated the TokenStorage with an anonymous Token. [] []
[2017-11-28 08:53:43] request.CRITICAL: Uncaught PHP Exception InvalidArgumentException: "The controller for URI "/users" is not callable. Expected method "userAction" on class "AppBundle\Controller\DefaultController". Available methods: "indexAction", "setContainer"." at /var/www/html/udev_symfony/vendor/symfony/symfony/src/Symfony/Component/HttpKernel/Controller/ControllerResolver.php line 91 {"exception":"[object] (InvalidArgumentException(code: 0): The controller for URI \"/users\" is not callable. Expected method \"userAction\" on class \"AppBundle\\Controller\\DefaultController\". Available methods: \"indexAction\", \"setContainer\". at /var/www/html/udev_symfony/vendor/symfony/symfony/src/Symfony/Component/HttpKernel/Controller/ControllerResolver.php:91)"} []
[2017-12-04 14:04:32] request.INFO: Matched route "users". {"route":"users","route_parameters":{"_controller":"AppBundle\\Controller\\UserController::listAction","_route":"users"},"request_uri":"http://localhost/udev_symfony/web/app.php/users","method":"GET"} []
[2017-12-04 14:04:32] security.INFO: Populated the TokenStorage with an anonymous Token. [] []
[2017-12-04 14:04:32] event.DEBUG: Notified event "kernel.request" to listener "Symfony\Component\HttpKernel\EventListener\DebugHandlersListener::configure". {"event":"kernel.request","listener":"Symfony\\Component\\HttpKernel\\EventListener\\DebugHandlersListener::configure"} []
[2017-12-04 14:04:32] event.DEBUG: Notified event "kernel.request" to listener "Symfony\Component\HttpKernel\EventListener\ValidateRequestListener::onKernelRequest". {"event":"kernel.request","listener":"Symfony\\Component\\HttpKernel\\EventListener\\ValidateRequestListener::onKernelRequest"} []
[2017-12-04 14:04:32] event.DEBUG: Notified event "kernel.request" to listener "Symfony\Component\HttpKernel\EventListener\SessionListener::onKernelRequest". {"event":"kernel.request","listener":"Symfony\\Component\\HttpKernel\\EventListener\\SessionListener::onKernelRequest"} []
[2017-12-04 14:04:32] event.DEBUG: Notified event "kernel.request" to listener "Symfony\Component\HttpKernel\EventListener\FragmentListener::onKernelRequest". {"event":"kernel.request","listener":"Symfony\\Component\\HttpKernel\\EventListener\\FragmentListener::onKernelRequest"} []
[2017-12-04 14:04:32] event.DEBUG: Notified event "kernel.request" to listener "Symfony\Component\HttpKernel\EventListener\RouterListener::onKernelRequest". {"event":"kernel.request","listener":"Symfony\\Component\\HttpKernel\\EventListener\\RouterListener::onKernelRequest"} []
[2017-12-04 14:04:32] event.DEBUG: Notified event "kernel.request" to listener "Symfony\Bundle\FrameworkBundle\EventListener\ResolveControllerNameSubscriber::onKernelRequest". {"event":"kernel.request","listener":"Symfony\\Bundle\\FrameworkBundle\\EventListener\\ResolveControllerNameSubscriber::onKernelRequest"} []
[2017-12-04 14:04:32] event.DEBUG: Notified event "kernel.request" to listener "Symfony\Component\HttpKernel\EventListener\LocaleListener::onKernelRequest". {"event":"kernel.request","listener":"Symfony\\Component\\HttpKernel\\EventListener\\LocaleListener::onKernelRequest"} []
[2017-12-04 14:04:32] event.DEBUG: Notified event "kernel.request" to listener "Symfony\Component\HttpKernel\EventListener\TranslatorListener::onKernelRequest". {"event":"kernel.request","listener":"Symfony\\Component\\HttpKernel\\EventListener\\TranslatorListener::onKernelRequest"} []
[2017-12-04 14:04:32] event.DEBUG: Notified event "kernel.request" to listener "Symfony\Bundle\SecurityBundle\EventListener\FirewallListener::onKernelRequest". {"event":"kernel.request","listener":"Symfony\\Bundle\\SecurityBundle\\EventListener\\FirewallListener::onKernelRequest"} []
[2017-12-04 14:04:32] event.DEBUG: Notified event "kernel.request" to listener "Knp\Bundle\PaginatorBundle\Subscriber\SlidingPaginationSubscriber::onKernelRequest". {"event":"kernel.request","listener":"Knp\\Bundle\\PaginatorBundle\\Subscriber\\SlidingPaginationSubscriber::onKernelRequest"} []
[2017-12-04 14:04:32] event.DEBUG: Notified event "kernel.controller" to listener "Symfony\Bundle\FrameworkBundle\DataCollector\RouterDataCollector::onKernelController". {"event":"kernel.controller","listener":"Symfony\\Bundle\\FrameworkBundle\\DataCollector\\RouterDataCollector::onKernelController"} []
[2017-12-04 14:04:32] event.DEBUG: Notified event "kernel.controller" to listener "Symfony\Bundle\FrameworkBundle\DataCollector\RequestDataCollector::onKernelController". {"event":"kernel.controller","listener":"Symfony\\Bundle\\FrameworkBundle\\DataCollector\\RequestDataCollector::onKernelController"} []
[2017-12-04 14:04:32] event.DEBUG: Notified event "kernel.controller" to listener "Sensio\Bundle\FrameworkExtraBundle\EventListener\ControllerListener::onKernelController". {"event":"kernel.controller","listener":"Sensio\\Bundle\\FrameworkExtraBundle\\EventListener\\ControllerListener::onKernelController"} []
[2017-12-04 14:04:32] event.DEBUG: Notified event "kernel.controller" to listener "Sensio\Bundle\FrameworkExtraBundle\EventListener\ParamConverterListener::onKernelController". {"event":"kernel.controller","listener":"Sensio\\Bundle\\FrameworkExtraBundle\\EventListener\\ParamConverterListener::onKernelController"} []
[2017-12-04 14:04:32] event.DEBUG: Notified event "kernel.controller" to listener "Sensio\Bundle\FrameworkExtraBundle\EventListener\HttpCacheListener::onKernelController". {"event":"kernel.controller","listener":"Sensio\\Bundle\\FrameworkExtraBundle\\EventListener\\HttpCacheListener::onKernelController"} []
[2017-12-04 14:04:32] event.DEBUG: Notified event "kernel.controller" to listener "Sensio\Bundle\FrameworkExtraBundle\EventListener\SecurityListener::onKernelController". {"event":"kernel.controller","listener":"Sensio\\Bundle\\FrameworkExtraBundle\\EventListener\\SecurityListener::onKernelController"} []
[2017-12-04 14:04:32] event.DEBUG: Notified event "kernel.controller" to listener "Sensio\Bundle\FrameworkExtraBundle\EventListener\TemplateListener::onKernelController". {"event":"kernel.controller","listener":"Sensio\\Bundle\\FrameworkExtraBundle\\EventListener\\TemplateListener::onKernelController"} []
[2017-12-04 14:04:33] doctrine.DEBUG: SELECT t0.id AS id_1, t0.username AS username_2, t0.email AS email_3, t0.date AS date_4, t0.login AS login_5, t0.password AS password_6 FROM user t0 [] []
[2017-12-04 14:04:33] event.DEBUG: Notified event "knp_pager.before" to listener "Knp\Component\Pager\Event\Subscriber\Sortable\SortableSubscriber::before". {"event":"knp_pager.before","listener":"Knp\\Component\\Pager\\Event\\Subscriber\\Sortable\\SortableSubscriber::before"} []
[2017-12-04 14:04:33] event.DEBUG: Notified event "knp_pager.before" to listener "Knp\Component\Pager\Event\Subscriber\Filtration\FiltrationSubscriber::before". {"event":"knp_pager.before","listener":"Knp\\Component\\Pager\\Event\\Subscriber\\Filtration\\FiltrationSubscriber::before"} []
[2017-12-04 14:04:33] event.DEBUG: Notified event "knp_pager.before" to listener "Knp\Component\Pager\Event\Subscriber\Paginate\PaginationSubscriber::before". {"event":"knp_pager.before","listener":"Knp\\Component\\Pager\\Event\\Subscriber\\Paginate\\PaginationSubscriber::before"} []
[2017-12-04 14:04:33] event.DEBUG: Notified event "knp_pager.items" to listener "Knp\Component\Pager\Event\Subscriber\Paginate\Doctrine\ORM\QueryBuilderSubscriber::items". {"event":"knp_pager.items","listener":"Knp\\Component\\Pager\\Event\\Subscriber\\Paginate\\Doctrine\\ORM\\QueryBuilderSubscriber::items"} []
[2017-12-04 14:04:33] event.DEBUG: Notified event "knp_pager.items" to listener "Knp\Component\Pager\Event\Subscriber\Paginate\Doctrine\ODM\MongoDB\QueryBuilderSubscriber::items". {"event":"knp_pager.items","listener":"Knp\\Component\\Pager\\Event\\Subscriber\\Paginate\\Doctrine\\ODM\\MongoDB\\QueryBuilderSubscriber::items"} []
[2017-12-04 14:04:33] event.DEBUG: Notified event "knp_pager.items" to listener "Knp\Component\Pager\Event\Subscriber\Paginate\Doctrine\ODM\PHPCR\QueryBuilderSubscriber::items". {"event":"knp_pager.items","listener":"Knp\\Component\\Pager\\Event\\Subscriber\\Paginate\\Doctrine\\ODM\\PHPCR\\QueryBuilderSubscriber::items"} []
[2017-12-04 14:04:33] event.DEBUG: Notified event "knp_pager.items" to listener "Knp\Component\Pager\Event\Subscriber\Paginate\Doctrine\DBALQueryBuilderSubscriber::items". {"event":"knp_pager.items","listener":"Knp\\Component\\Pager\\Event\\Subscriber\\Paginate\\Doctrine\\DBALQueryBuilderSubscriber::items"} []
[2017-12-04 14:04:33] event.DEBUG: Notified event "knp_pager.items" to listener "Knp\Component\Pager\Event\Subscriber\Sortable\Doctrine\ORM\QuerySubscriber::items". {"event":"knp_pager.items","listener":"Knp\\Component\\Pager\\Event\\Subscriber\\Sortable\\Doctrine\\ORM\\QuerySubscriber::items"} []
[2017-12-04 14:04:33] event.DEBUG: Notified event "knp_pager.items" to listener "Knp\Component\Pager\Event\Subscriber\Sortable\Doctrine\ODM\MongoDB\QuerySubscriber::items". {"event":"knp_pager.items","listener":"Knp\\Component\\Pager\\Event\\Subscriber\\Sortable\\Doctrine\\ODM\\MongoDB\\QuerySubscriber::items"} []
[2017-12-04 14:04:33] event.DEBUG: Notified event "knp_pager.items" to listener "Knp\Component\Pager\Event\Subscriber\Sortable\ElasticaQuerySubscriber::items". {"event":"knp_pager.items","listener":"Knp\\Component\\Pager\\Event\\Subscriber\\Sortable\\ElasticaQuerySubscriber::items"} []
[2017-12-04 14:04:33] event.DEBUG: Notified event "knp_pager.items" to listener "Knp\Component\Pager\Event\Subscriber\Sortable\PropelQuerySubscriber::items". {"event":"knp_pager.items","listener":"Knp\\Component\\Pager\\Event\\Subscriber\\Sortable\\PropelQuerySubscriber::items"} []
[2017-12-04 14:04:33] event.DEBUG: Notified event "knp_pager.items" to listener "Knp\Component\Pager\Event\Subscriber\Sortable\SolariumQuerySubscriber::items". {"event":"knp_pager.items","listener":"Knp\\Component\\Pager\\Event\\Subscriber\\Sortable\\SolariumQuerySubscriber::items"} []
[2017-12-04 14:04:33] event.DEBUG: Notified event "knp_pager.items" to listener "Knp\Component\Pager\Event\Subscriber\Sortable\ArraySubscriber::items". {"event":"knp_pager.items","listener":"Knp\\Component\\Pager\\Event\\Subscriber\\Sortable\\ArraySubscriber::items"} []
[2017-12-04 14:04:33] event.DEBUG: Notified event "knp_pager.items" to listener "Knp\Component\Pager\Event\Subscriber\Filtration\Doctrine\ORM\QuerySubscriber::items". {"event":"knp_pager.items","listener":"Knp\\Component\\Pager\\Event\\Subscriber\\Filtration\\Doctrine\\ORM\\QuerySubscriber::items"} []
[2017-12-04 14:04:33] event.DEBUG: Notified event "knp_pager.items" to listener "Knp\Component\Pager\Event\Subscriber\Filtration\PropelQuerySubscriber::items". {"event":"knp_pager.items","listener":"Knp\\Component\\Pager\\Event\\Subscriber\\Filtration\\PropelQuerySubscriber::items"} []
[2017-12-04 14:04:33] event.DEBUG: Notified event "knp_pager.items" to listener "Knp\Component\Pager\Event\Subscriber\Paginate\Doctrine\ORM\QuerySubscriber\UsesPaginator::items". {"event":"knp_pager.items","listener":"Knp\\Component\\Pager\\Event\\Subscriber\\Paginate\\Doctrine\\ORM\\QuerySubscriber\\UsesPaginator::items"} []
[2017-12-04 14:04:33] event.DEBUG: Notified event "knp_pager.items" to listener "Knp\Component\Pager\Event\Subscriber\Paginate\Doctrine\ORM\QuerySubscriber::items". {"event":"knp_pager.items","listener":"Knp\\Component\\Pager\\Event\\Subscriber\\Paginate\\Doctrine\\ORM\\QuerySubscriber::items"} []
[2017-12-04 14:04:33] event.DEBUG: Notified event "knp_pager.items" to listener "Knp\Component\Pager\Event\Subscriber\Paginate\Doctrine\ODM\MongoDB\QuerySubscriber::items". {"event":"knp_pager.items","listener":"Knp\\Component\\Pager\\Event\\Subscriber\\Paginate\\Doctrine\\ODM\\MongoDB\\QuerySubscriber::items"} []
[2017-12-04 14:04:33] event.DEBUG: Notified event "knp_pager.items" to listener "Knp\Component\Pager\Event\Subscriber\Paginate\Doctrine\ODM\PHPCR\QuerySubscriber::items". {"event":"knp_pager.items","listener":"Knp\\Component\\Pager\\Event\\Subscriber\\Paginate\\Doctrine\\ODM\\PHPCR\\QuerySubscriber::items"} []
[2017-12-04 14:04:33] event.DEBUG: Notified event "knp_pager.items" to listener "Knp\Component\Pager\Event\Subscriber\Paginate\Doctrine\CollectionSubscriber::items". {"event":"knp_pager.items","listener":"Knp\\Component\\Pager\\Event\\Subscriber\\Paginate\\Doctrine\\CollectionSubscriber::items"} []
[2017-12-04 14:04:33] event.DEBUG: Notified event "knp_pager.items" to listener "Knp\Component\Pager\Event\Subscriber\Paginate\PropelQuerySubscriber::items". {"event":"knp_pager.items","listener":"Knp\\Component\\Pager\\Event\\Subscriber\\Paginate\\PropelQuerySubscriber::items"} []
[2017-12-04 14:04:33] event.DEBUG: Notified event "knp_pager.items" to listener "Knp\Component\Pager\Event\Subscriber\Paginate\SolariumQuerySubscriber::items". {"event":"knp_pager.items","listener":"Knp\\Component\\Pager\\Event\\Subscriber\\Paginate\\SolariumQuerySubscriber::items"} []
[2017-12-04 14:04:33] event.DEBUG: Notified event "knp_pager.items" to listener "Knp\Component\Pager\Event\Subscriber\Paginate\ElasticaQuerySubscriber::items". {"event":"knp_pager.items","listener":"Knp\\Component\\Pager\\Event\\Subscriber\\Paginate\\ElasticaQuerySubscriber::items"} []
[2017-12-04 14:04:33] event.DEBUG: Notified event "knp_pager.items" to listener "Knp\Component\Pager\Event\Subscriber\Paginate\ArraySubscriber::items". {"event":"knp_pager.items","listener":"Knp\\Component\\Pager\\Event\\Subscriber\\Paginate\\ArraySubscriber::items"} []
[2017-12-04 14:04:33] event.DEBUG: Listener "Knp\Component\Pager\Event\Subscriber\Paginate\ArraySubscriber::items" stopped propagation of the event "knp_pager.items". {"event":"knp_pager.items","listener":"Knp\\Component\\Pager\\Event\\Subscriber\\Paginate\\ArraySubscriber::items"} []
[2017-12-04 14:04:33] event.DEBUG: Notified event "knp_pager.pagination" to listener "Knp\Bundle\PaginatorBundle\Subscriber\SlidingPaginationSubscriber::pagination". {"event":"knp_pager.pagination","listener":"Knp\\Bundle\\PaginatorBundle\\Subscriber\\SlidingPaginationSubscriber::pagination"} []
[2017-12-04 14:04:33] event.DEBUG: Listener "Knp\Bundle\PaginatorBundle\Subscriber\SlidingPaginationSubscriber::pagination" stopped propagation of the event "knp_pager.pagination". {"event":"knp_pager.pagination","listener":"Knp\\Bundle\\PaginatorBundle\\Subscriber\\SlidingPaginationSubscriber::pagination"} []
[2017-12-04 14:04:33] event.DEBUG: Listener "Knp\Component\Pager\Event\Subscriber\Paginate\PaginationSubscriber::pagination" was not called for event "knp_pager.pagination". {"event":"knp_pager.pagination","listener":"Knp\\Component\\Pager\\Event\\Subscriber\\Paginate\\PaginationSubscriber::pagination"} []
[2017-12-04 14:04:33] request.CRITICAL: Uncaught PHP Exception Twig_Error_Runtime: "An exception has been thrown during the rendering of a template ("Unable to generate a URL for the named route "_wdt" as such route does not exist.")." at /var/www/html/udev_symfony/vendor/symfony/symfony/src/Symfony/Bundle/WebProfilerBundle/Resources/views/Profiler/toolbar_js.html.twig line 18 {"exception":"[object] (Twig_Error_Runtime(code: 0): An exception has been thrown during the rendering of a template (\"Unable to generate a URL for the named route \"_wdt\" as such route does not exist.\"). at /var/www/html/udev_symfony/vendor/symfony/symfony/src/Symfony/Bundle/WebProfilerBundle/Resources/views/Profiler/toolbar_js.html.twig:18, Symfony\\Component\\Routing\\Exception\\RouteNotFoundException(code: 0): Unable to generate a URL for the named route \"_wdt\" as such route does not exist. at /var/www/html/udev_symfony/var/cache/prod/appProdDebugProjectContainerUrlGenerator.php:41)"} []
[2017-12-04 14:04:33] event.DEBUG: Notified event "kernel.request" to listener "Symfony\Component\HttpKernel\EventListener\DebugHandlersListener::configure". {"event":"kernel.request","listener":"Symfony\\Component\\HttpKernel\\EventListener\\DebugHandlersListener::configure"} []
[2017-12-04 14:04:33] event.DEBUG: Notified event "kernel.request" to listener "Symfony\Component\HttpKernel\EventListener\ValidateRequestListener::onKernelRequest". {"event":"kernel.request","listener":"Symfony\\Component\\HttpKernel\\EventListener\\ValidateRequestListener::onKernelRequest"} []
[2017-12-04 14:04:33] event.DEBUG: Notified event "kernel.request" to listener "Symfony\Component\HttpKernel\EventListener\SessionListener::onKernelRequest". {"event":"kernel.request","listener":"Symfony\\Component\\HttpKernel\\EventListener\\SessionListener::onKernelRequest"} []
[2017-12-04 14:04:33] event.DEBUG: Notified event "kernel.request" to listener "Symfony\Component\HttpKernel\EventListener\FragmentListener::onKernelRequest". {"event":"kernel.request","listener":"Symfony\\Component\\HttpKernel\\EventListener\\FragmentListener::onKernelRequest"} []
[2017-12-04 14:04:33] event.DEBUG: Notified event "kernel.request" to listener "Symfony\Component\HttpKernel\EventListener\RouterListener::onKernelRequest". {"event":"kernel.request","listener":"Symfony\\Component\\HttpKernel\\EventListener\\RouterListener::onKernelRequest"} []
[2017-12-04 14:04:33] event.DEBUG: Notified event "kernel.request" to listener "Symfony\Bundle\FrameworkBundle\EventListener\ResolveControllerNameSubscriber::onKernelRequest". {"event":"kernel.request","listener":"Symfony\\Bundle\\FrameworkBundle\\EventListener\\ResolveControllerNameSubscriber::onKernelRequest"} []
[2017-12-04 14:04:33] event.DEBUG: Notified event "kernel.request" to listener "Symfony\Component\HttpKernel\EventListener\LocaleListener::onKernelRequest". {"event":"kernel.request","listener":"Symfony\\Component\\HttpKernel\\EventListener\\LocaleListener::onKernelRequest"} []
[2017-12-04 14:04:33] event.DEBUG: Notified event "kernel.request" to listener "Symfony\Component\HttpKernel\EventListener\TranslatorListener::onKernelRequest". {"event":"kernel.request","listener":"Symfony\\Component\\HttpKernel\\EventListener\\TranslatorListener::onKernelRequest"} []
[2017-12-04 14:04:33] event.DEBUG: Notified event "kernel.request" to listener "Symfony\Bundle\SecurityBundle\EventListener\FirewallListener::onKernelRequest". {"event":"kernel.request","listener":"Symfony\\Bundle\\SecurityBundle\\EventListener\\FirewallListener::onKernelRequest"} []
[2017-12-04 14:04:33] event.DEBUG: Notified event "kernel.request" to listener "Knp\Bundle\PaginatorBundle\Subscriber\SlidingPaginationSubscriber::onKernelRequest". {"event":"kernel.request","listener":"Knp\\Bundle\\PaginatorBundle\\Subscriber\\SlidingPaginationSubscriber::onKernelRequest"} []
[2017-12-04 14:04:33] event.DEBUG: Notified event "kernel.controller" to listener "Symfony\Bundle\FrameworkBundle\DataCollector\RouterDataCollector::onKernelController". {"event":"kernel.controller","listener":"Symfony\\Bundle\\FrameworkBundle\\DataCollector\\RouterDataCollector::onKernelController"} []
[2017-12-04 14:04:33] event.DEBUG: Notified event "kernel.controller" to listener "Symfony\Bundle\FrameworkBundle\DataCollector\RequestDataCollector::onKernelController". {"event":"kernel.controller","listener":"Symfony\\Bundle\\FrameworkBundle\\DataCollector\\RequestDataCollector::onKernelController"} []
[2017-12-04 14:04:33] event.DEBUG: Notified event "kernel.controller" to listener "Sensio\Bundle\FrameworkExtraBundle\EventListener\ControllerListener::onKernelController". {"event":"kernel.controller","listener":"Sensio\\Bundle\\FrameworkExtraBundle\\EventListener\\ControllerListener::onKernelController"} []
[2017-12-04 14:04:33] event.DEBUG: Notified event "kernel.controller" to listener "Sensio\Bundle\FrameworkExtraBundle\EventListener\ParamConverterListener::onKernelController". {"event":"kernel.controller","listener":"Sensio\\Bundle\\FrameworkExtraBundle\\EventListener\\ParamConverterListener::onKernelController"} []
[2017-12-04 14:04:33] event.DEBUG: Notified event "kernel.controller" to listener "Sensio\Bundle\FrameworkExtraBundle\EventListener\HttpCacheListener::onKernelController". {"event":"kernel.controller","listener":"Sensio\\Bundle\\FrameworkExtraBundle\\EventListener\\HttpCacheListener::onKernelController"} []
[2017-12-04 14:04:33] event.DEBUG: Notified event "kernel.controller" to listener "Sensio\Bundle\FrameworkExtraBundle\EventListener\SecurityListener::onKernelController". {"event":"kernel.controller","listener":"Sensio\\Bundle\\FrameworkExtraBundle\\EventListener\\SecurityListener::onKernelController"} []
[2017-12-04 14:04:33] event.DEBUG: Notified event "kernel.controller" to listener "Sensio\Bundle\FrameworkExtraBundle\EventListener\TemplateListener::onKernelController". {"event":"kernel.controller","listener":"Sensio\\Bundle\\FrameworkExtraBundle\\EventListener\\TemplateListener::onKernelController"} []
[2017-12-04 14:04:33] event.DEBUG: Notified event "kernel.response" to listener "Symfony\Component\EventDispatcher\Debug\WrappedListener::__invoke". {"event":"kernel.response","listener":"Symfony\\Component\\EventDispatcher\\Debug\\WrappedListener::__invoke"} []
[2017-12-04 14:04:33] event.DEBUG: Notified event "kernel.response" to listener "Symfony\Component\EventDispatcher\Debug\WrappedListener::__invoke". {"event":"kernel.response","listener":"Symfony\\Component\\EventDispatcher\\Debug\\WrappedListener::__invoke"} []
[2017-12-04 14:04:33] event.DEBUG: Notified event "kernel.response" to listener "Symfony\Component\EventDispatcher\Debug\WrappedListener::__invoke". {"event":"kernel.response","listener":"Symfony\\Component\\EventDispatcher\\Debug\\WrappedListener::__invoke"} []
[2017-12-04 14:04:33] event.DEBUG: Notified event "kernel.response" to listener "Symfony\Component\EventDispatcher\Debug\WrappedListener::__invoke". {"event":"kernel.response","listener":"Symfony\\Component\\EventDispatcher\\Debug\\WrappedListener::__invoke"} []
[2017-12-04 14:04:33] event.DEBUG: Notified event "kernel.response" to listener "Symfony\Component\EventDispatcher\Debug\WrappedListener::__invoke". {"event":"kernel.response","listener":"Symfony\\Component\\EventDispatcher\\Debug\\WrappedListener::__invoke"} []
[2017-12-04 14:04:33] event.DEBUG: Notified event "kernel.response" to listener "Symfony\Component\EventDispatcher\Debug\WrappedListener::__invoke". {"event":"kernel.response","listener":"Symfony\\Component\\EventDispatcher\\Debug\\WrappedListener::__invoke"} []
[2017-12-04 14:04:33] event.DEBUG: Notified event "kernel.response" to listener "Symfony\Component\EventDispatcher\Debug\WrappedListener::__invoke". {"event":"kernel.response","listener":"Symfony\\Component\\EventDispatcher\\Debug\\WrappedListener::__invoke"} []
[2017-12-04 14:04:33] event.DEBUG: Notified event "kernel.response" to listener "Symfony\Component\EventDispatcher\Debug\WrappedListener::__invoke". {"event":"kernel.response","listener":"Symfony\\Component\\EventDispatcher\\Debug\\WrappedListener::__invoke"} []
[2017-12-04 14:04:33] event.DEBUG: Notified event "kernel.finish_request" to listener "Symfony\Component\HttpKernel\EventListener\LocaleListener::onKernelFinishRequest". {"event":"kernel.finish_request","listener":"Symfony\\Component\\HttpKernel\\EventListener\\LocaleListener::onKernelFinishRequest"} []
[2017-12-04 14:04:33] event.DEBUG: Notified event "kernel.finish_request" to listener "Symfony\Component\HttpKernel\EventListener\TranslatorListener::onKernelFinishRequest". {"event":"kernel.finish_request","listener":"Symfony\\Component\\HttpKernel\\EventListener\\TranslatorListener::onKernelFinishRequest"} []
[2017-12-04 14:04:33] event.DEBUG: Notified event "kernel.finish_request" to listener "Symfony\Component\HttpKernel\EventListener\RouterListener::onKernelFinishRequest". {"event":"kernel.finish_request","listener":"Symfony\\Component\\HttpKernel\\EventListener\\RouterListener::onKernelFinishRequest"} []
[2017-12-04 14:04:33] event.DEBUG: Notified event "kernel.finish_request" to listener "Symfony\Bundle\SecurityBundle\EventListener\FirewallListener::onKernelFinishRequest". {"event":"kernel.finish_request","listener":"Symfony\\Bundle\\SecurityBundle\\EventListener\\FirewallListener::onKernelFinishRequest"} []
[2017-12-04 14:04:33] event.DEBUG: Notified event "kernel.exception" to listener "Symfony\Component\Security\Http\Firewall\ExceptionListener::onKernelException". {"event":"kernel.exception","listener":"Symfony\\Component\\Security\\Http\\Firewall\\ExceptionListener::onKernelException"} []
[2017-12-04 14:04:33] event.DEBUG: Notified event "kernel.exception" to listener "Symfony\Component\HttpKernel\EventListener\ProfilerListener::onKernelException". {"event":"kernel.exception","listener":"Symfony\\Component\\HttpKernel\\EventListener\\ProfilerListener::onKernelException"} []
[2017-12-04 14:04:33] event.DEBUG: Notified event "kernel.exception" to listener "Symfony\Bundle\SwiftmailerBundle\EventListener\EmailSenderListener::onException". {"event":"kernel.exception","listener":"Symfony\\Bundle\\SwiftmailerBundle\\EventListener\\EmailSenderListener::onException"} []
[2017-12-04 14:04:33] event.DEBUG: Notified event "kernel.exception" to listener "Symfony\Component\HttpKernel\EventListener\ExceptionListener::onKernelException". {"event":"kernel.exception","listener":"Symfony\\Component\\HttpKernel\\EventListener\\ExceptionListener::onKernelException"} []
[2017-12-04 14:04:33] event.DEBUG: Listener "Symfony\Component\HttpKernel\EventListener\ExceptionListener::onKernelException" stopped propagation of the event "kernel.exception". {"event":"kernel.exception","listener":"Symfony\\Component\\HttpKernel\\EventListener\\ExceptionListener::onKernelException"} []
[2017-12-04 14:04:33] event.DEBUG: Notified event "kernel.terminate" to listener "Symfony\Bundle\SwiftmailerBundle\EventListener\EmailSenderListener::onTerminate". {"event":"kernel.terminate","listener":"Symfony\\Bundle\\SwiftmailerBundle\\EventListener\\EmailSenderListener::onTerminate"} []
[2017-12-04 14:04:33] event.DEBUG: Notified event "kernel.terminate" to listener "Symfony\Component\HttpKernel\EventListener\ProfilerListener::onKernelTerminate". {"event":"kernel.terminate","listener":"Symfony\\Component\\HttpKernel\\EventListener\\ProfilerListener::onKernelTerminate"} []
